<?xml version="1.0" encoding="UTF-8"?>
<!-- Generated by org.testng.reporters.JUnitReportReporter -->
<testsuite hostname="EQPL0210P13" failures="0" tests="3" name="tests.RegisterTest" time="9.194" errors="0" timestamp="2025-10-26T12:12:34 IST" skipped="0">
  <testcase classname="tests.RegisterTest" name="fillRegistrationForm" time="3.354"/>
  <testcase classname="tests.RegisterTest" name="fillRegistrationForm" time="2.380"/>
  <testcase classname="tests.RegisterTest" name="fillRegistrationForm" time="3.460"/>
</testsuite> <!-- tests.RegisterTest -->
