<?xml version="1.0" encoding="UTF-8"?>
<!-- Generated by org.testng.reporters.JUnitReportReporter -->
<testsuite hostname="EQPL0210P13" failures="0" tests="2" name="tests.RegisterTest" time="1.273" errors="0" timestamp="2025-10-26T11:15:11 IST" skipped="0">
  <testcase classname="tests.RegisterTest" name="fillRegistrationForm" time="0.780"/>
  <testcase classname="tests.RegisterTest" name="fillRegistrationForm1" time="0.493"/>
</testsuite> <!-- tests.RegisterTest -->
